Started GET "/" for ::1 at 2024-07-19 16:06:34 +0900
  [1m[35m (0.3ms)[0m  [1m[35mCREATE TABLE "schema_migrations" ("version" varchar NOT NULL PRIMARY KEY)[0m
  [1m[35m (0.1ms)[0m  [1m[35mCREATE TABLE "ar_internal_metadata" ("key" varchar NOT NULL PRIMARY KEY, "value" varchar, "created_at" datetime(6) NOT NULL, "updated_at" datetime(6) NOT NULL)[0m
  [1m[36mActiveRecord::SchemaMigration Load (0.1ms)[0m  [1m[34mSELECT "schema_migrations"."version" FROM "schema_migrations" ORDER BY "schema_migrations"."version" ASC[0m
Processing by Rails::WelcomeController#index as HTML
  Rendering /Users/homboyasutaka/.rbenv/versions/3.2.2/lib/ruby/gems/3.2.0/gems/railties-7.1.3.4/lib/rails/templates/rails/welcome/index.html.erb
  Rendered /Users/homboyasutaka/.rbenv/versions/3.2.2/lib/ruby/gems/3.2.0/gems/railties-7.1.3.4/lib/rails/templates/rails/welcome/index.html.erb (Duration: 0.3ms | Allocations: 375)
Completed 200 OK in 13ms (Views: 3.9ms | ActiveRecord: 0.0ms | Allocations: 7754)


  [1m[36mActiveRecord::InternalMetadata Load (0.5ms)[0m  [1m[34mSELECT * FROM "ar_internal_metadata" WHERE "ar_internal_metadata"."key" = ? ORDER BY "ar_internal_metadata"."key" ASC LIMIT 1[0m  [[nil, "environment"]]
  [1m[36mActiveRecord::InternalMetadata Create (1.3ms)[0m  [1m[32mINSERT INTO "ar_internal_metadata" ("key", "value", "created_at", "updated_at") VALUES ('environment', 'development', '2024-07-19 08:41:37.036946', '2024-07-19 08:41:37.036948') RETURNING "key"[0m
  [1m[36mActiveRecord::SchemaMigration Load (0.0ms)[0m  [1m[34mSELECT "schema_migrations"."version" FROM "schema_migrations" ORDER BY "schema_migrations"."version" ASC[0m
Migrating to CreateTasks (20240719084009)
  [1m[36mTRANSACTION (0.0ms)[0m  [1m[36mbegin transaction[0m
  [1m[35m (0.5ms)[0m  [1m[35mCREATE TABLE "tasks" ("id" integer PRIMARY KEY AUTOINCREMENT NOT NULL, "name" varchar, "is_done" boolean, "created_at" datetime(6) NOT NULL, "updated_at" datetime(6) NOT NULL)[0m
  [1m[36mActiveRecord::SchemaMigration Create (0.0ms)[0m  [1m[32mINSERT INTO "schema_migrations" ("version") VALUES ('20240719084009') RETURNING "version"[0m
  [1m[36mTRANSACTION (0.1ms)[0m  [1m[36mcommit transaction[0m
  [1m[36mActiveRecord::SchemaMigration Load (0.0ms)[0m  [1m[34mSELECT "schema_migrations"."version" FROM "schema_migrations" ORDER BY "schema_migrations"."version" ASC[0m
  [1m[36mTRANSACTION (0.1ms)[0m  [1m[36mbegin transaction[0m
  [1m[36mTask Create (4.0ms)[0m  [1m[32mINSERT INTO "tasks" ("name", "is_done", "created_at", "updated_at") VALUES (?, ?, ?, ?) RETURNING "id"[0m  [["name", "é‹å‹•"], ["is_done", 0], ["created_at", "2024-07-19 08:45:52.417446"], ["updated_at", "2024-07-19 08:45:52.417446"]]
  [1m[36mTRANSACTION (9.3ms)[0m  [1m[36mcommit transaction[0m
  [1m[36mTRANSACTION (0.1ms)[0m  [1m[36mbegin transaction[0m
  [1m[36mTask Create (1.3ms)[0m  [1m[32mINSERT INTO "tasks" ("name", "is_done", "created_at", "updated_at") VALUES (?, ?, ?, ?) RETURNING "id"[0m  [["name", "ãŠè²·ã„ç‰©"], ["is_done", 0], ["created_at", "2024-07-19 08:46:18.870722"], ["updated_at", "2024-07-19 08:46:18.870722"]]
  [1m[36mTRANSACTION (0.3ms)[0m  [1m[36mcommit transaction[0m
  [1m[36mTRANSACTION (0.1ms)[0m  [1m[36mbegin transaction[0m
  [1m[36mTask Create (2.5ms)[0m  [1m[32mINSERT INTO "tasks" ("name", "is_done", "created_at", "updated_at") VALUES (?, ?, ?, ?) RETURNING "id"[0m  [["name", "ãƒ—ãƒ­ã‚°ãƒ©ãƒŸãƒ³ã‚°å­¦ç¿’"], ["is_done", 0], ["created_at", "2024-07-19 08:46:32.167276"], ["updated_at", "2024-07-19 08:46:32.167276"]]
  [1m[36mTRANSACTION (0.8ms)[0m  [1m[36mcommit transaction[0m
  [1m[36mTask Load (0.1ms)[0m  [1m[34mSELECT "tasks".* FROM "tasks" /* loading for pp */ LIMIT ?[0m  [["LIMIT", 11]]
Started GET "/tasks" for ::1 at 2024-07-19 17:46:57 +0900
  [1m[36mActiveRecord::SchemaMigration Load (0.6ms)[0m  [1m[34mSELECT "schema_migrations"."version" FROM "schema_migrations" ORDER BY "schema_migrations"."version" ASC[0m
Processing by TasksController#index as HTML
  [1m[36mTask Load (0.2ms)[0m  [1m[34mSELECT "tasks".* FROM "tasks"[0m
  â†³ app/controllers/tasks_controller.rb:4:in `index'
Completed 200 OK in 17ms (Views: 6.7ms | ActiveRecord: 0.9ms | Allocations: 18413)


Started GET "/favicon.ico" for ::1 at 2024-07-19 17:46:57 +0900
  
ActionController::RoutingError (No route matches [GET] "/favicon.ico"):
  
Started GET "/tasks" for ::1 at 2024-07-19 18:08:14 +0900
Processing by TasksController#index as HTML
  [1m[36mTask Load (9.4ms)[0m  [1m[34mSELECT "tasks".* FROM "tasks"[0m
  â†³ app/controllers/tasks_controller.rb:4:in `index'
Completed 200 OK in 35ms (Views: 20.8ms | ActiveRecord: 13.0ms | Allocations: 1031)


Started GET "/tasks" for ::1 at 2024-07-19 18:08:14 +0900
Processing by TasksController#index as HTML
  [1m[36mTask Load (0.1ms)[0m  [1m[34mSELECT "tasks".* FROM "tasks"[0m
  â†³ app/controllers/tasks_controller.rb:4:in `index'
Completed 200 OK in 3ms (Views: 3.1ms | ActiveRecord: 0.1ms | Allocations: 743)


Started GET "/tasks" for ::1 at 2024-07-19 18:08:35 +0900
Processing by TasksController#index as HTML
  [1m[36mTask Load (0.3ms)[0m  [1m[34mSELECT "tasks".* FROM "tasks"[0m
  â†³ app/controllers/tasks_controller.rb:4:in `index'
Completed 200 OK in 39ms (Views: 38.2ms | ActiveRecord: 0.3ms | Allocations: 757)


Started GET "/tasks" for ::1 at 2024-07-19 18:09:13 +0900
Processing by TasksController#index as HTML
  [1m[36mTask Load (2.8ms)[0m  [1m[34mSELECT "tasks".* FROM "tasks"[0m
  â†³ app/controllers/tasks_controller.rb:4:in `index'
Completed 200 OK in 9ms (Views: 4.6ms | ActiveRecord: 2.8ms | Allocations: 756)


Started GET "/tasks" for ::1 at 2024-07-19 18:09:25 +0900
Processing by TasksController#index as HTML
  [1m[36mTask Load (0.2ms)[0m  [1m[34mSELECT "tasks".* FROM "tasks"[0m
  â†³ app/controllers/tasks_controller.rb:4:in `index'
Completed 200 OK in 3ms (Views: 2.2ms | ActiveRecord: 0.2ms | Allocations: 743)


Started GET "/tasks" for ::1 at 2024-07-19 18:09:25 +0900
Processing by TasksController#index as HTML
  [1m[36mTask Load (0.1ms)[0m  [1m[34mSELECT "tasks".* FROM "tasks"[0m
  â†³ app/controllers/tasks_controller.rb:4:in `index'
Completed 200 OK in 2ms (Views: 1.7ms | ActiveRecord: 0.1ms | Allocations: 743)


Started GET "/tasks" for ::1 at 2024-07-19 18:10:27 +0900
Processing by TasksController#index as HTML
  [1m[36mTask Load (0.2ms)[0m  [1m[34mSELECT "tasks".* FROM "tasks"[0m
  â†³ app/controllers/tasks_controller.rb:4:in `index'
Completed 200 OK in 3ms (Views: 3.0ms | ActiveRecord: 0.2ms | Allocations: 753)


Started GET "/tasks" for ::1 at 2024-07-19 22:30:08 +0900
  [1m[36mActiveRecord::SchemaMigration Load (0.3ms)[0m  [1m[34mSELECT "schema_migrations"."version" FROM "schema_migrations" ORDER BY "schema_migrations"."version" ASC[0m
Processing by TasksController#index as HTML
  [1m[36mTask Load (0.3ms)[0m  [1m[34mSELECT "tasks".* FROM "tasks"[0m
  â†³ app/controllers/tasks_controller.rb:4:in `index'
Completed 200 OK in 33ms (Views: 15.8ms | ActiveRecord: 1.4ms | Allocations: 18413)


Started GET "/tasks" for ::1 at 2024-07-19 22:30:46 +0900
Processing by TasksController#index as HTML
  [1m[36mTask Load (0.4ms)[0m  [1m[34mSELECT "tasks".* FROM "tasks"[0m
  â†³ app/controllers/tasks_controller.rb:4:in `index'
Completed 200 OK in 15ms (Views: 13.6ms | ActiveRecord: 0.3ms | Allocations: 758)


Started GET "/tasks" for ::1 at 2024-07-19 22:30:46 +0900
Processing by TasksController#index as HTML
  [1m[36mTask Load (0.0ms)[0m  [1m[34mSELECT "tasks".* FROM "tasks"[0m
  â†³ app/controllers/tasks_controller.rb:4:in `index'
Completed 200 OK in 1ms (Views: 1.2ms | ActiveRecord: 0.0ms | Allocations: 742)


Started GET "/tasks" for ::1 at 2024-07-19 22:32:19 +0900
Processing by TasksController#index as HTML
  [1m[36mTask Load (0.2ms)[0m  [1m[34mSELECT "tasks".* FROM "tasks"[0m
  â†³ app/controllers/tasks_controller.rb:4:in `index'
Completed 200 OK in 3ms (Views: 2.7ms | ActiveRecord: 0.2ms | Allocations: 755)


Started GET "/tasks" for ::1 at 2024-07-19 22:36:03 +0900
Processing by TasksController#index as HTML
  [1m[36mTask Load (0.3ms)[0m  [1m[34mSELECT "tasks".* FROM "tasks"[0m
  â†³ app/controllers/tasks_controller.rb:4:in `index'
Completed 200 OK in 5ms (Views: 4.3ms | ActiveRecord: 0.3ms | Allocations: 755)


Started POST "/tasks" for ::1 at 2024-07-19 22:39:35 +0900
Processing by TasksController#create as HTML
  Parameters: {"name"=>"a", "is_done"=>false, "task"=>{"name"=>"a", "is_done"=>false}}
[31mUnpermitted parameter: :task. Context: { controller: TasksController, action: create, request: #<ActionDispatch::Request:0x0000000106183038>, params: {"name"=>"a", "is_done"=>false, "controller"=>"tasks", "action"=>"create", "task"=>{"name"=>"a", "is_done"=>false}} }[0m
  [1m[36mTRANSACTION (2.8ms)[0m  [1m[36mbegin transaction[0m
  â†³ app/controllers/tasks_controller.rb:8:in `create'
  [1m[36mTask Create (5.9ms)[0m  [1m[32mINSERT INTO "tasks" ("name", "is_done", "created_at", "updated_at") VALUES (?, ?, ?, ?) RETURNING "id"[0m  [["name", "a"], ["is_done", 0], ["created_at", "2024-07-19 13:39:35.587484"], ["updated_at", "2024-07-19 13:39:35.587484"]]
  â†³ app/controllers/tasks_controller.rb:8:in `create'
  [1m[36mTRANSACTION (0.6ms)[0m  [1m[36mcommit transaction[0m
  â†³ app/controllers/tasks_controller.rb:8:in `create'
Completed 201 Created in 23ms (ActiveRecord: 9.2ms | Allocations: 2391)


Started GET "/tasks" for ::1 at 2024-07-19 22:39:35 +0900
Processing by TasksController#index as HTML
  [1m[36mTask Load (0.0ms)[0m  [1m[34mSELECT "tasks".* FROM "tasks"[0m
  â†³ app/controllers/tasks_controller.rb:4:in `index'
Completed 200 OK in 1ms (Views: 1.1ms | ActiveRecord: 0.0ms | Allocations: 799)


Started POST "/tasks" for ::1 at 2024-07-19 22:40:08 +0900
Processing by TasksController#create as HTML
  Parameters: {"name"=>"å›žè¦§æ¿", "is_done"=>false, "task"=>{"name"=>"å›žè¦§æ¿", "is_done"=>false}}
[31mUnpermitted parameter: :task. Context: { controller: TasksController, action: create, request: #<ActionDispatch::Request:0x0000000105b487b8>, params: {"name"=>"å›žè¦§æ¿", "is_done"=>false, "controller"=>"tasks", "action"=>"create", "task"=>{"name"=>"å›žè¦§æ¿", "is_done"=>false}} }[0m
  [1m[36mTRANSACTION (0.2ms)[0m  [1m[36mbegin transaction[0m
  â†³ app/controllers/tasks_controller.rb:8:in `create'
  [1m[36mTask Create (1.6ms)[0m  [1m[32mINSERT INTO "tasks" ("name", "is_done", "created_at", "updated_at") VALUES (?, ?, ?, ?) RETURNING "id"[0m  [["name", "å›žè¦§æ¿"], ["is_done", 0], ["created_at", "2024-07-19 13:40:08.540592"], ["updated_at", "2024-07-19 13:40:08.540592"]]
  â†³ app/controllers/tasks_controller.rb:8:in `create'
  [1m[36mTRANSACTION (0.7ms)[0m  [1m[36mcommit transaction[0m
  â†³ app/controllers/tasks_controller.rb:8:in `create'
Completed 201 Created in 6ms (ActiveRecord: 2.4ms | Allocations: 1646)


Started GET "/tasks" for ::1 at 2024-07-19 22:40:08 +0900
Processing by TasksController#index as HTML
  [1m[36mTask Load (0.1ms)[0m  [1m[34mSELECT "tasks".* FROM "tasks"[0m
  â†³ app/controllers/tasks_controller.rb:4:in `index'
Completed 200 OK in 3ms (Views: 2.3ms | ActiveRecord: 0.1ms | Allocations: 856)


Started GET "/tasks" for ::1 at 2024-07-19 22:46:13 +0900
  [1m[36mActiveRecord::SchemaMigration Load (0.2ms)[0m  [1m[34mSELECT "schema_migrations"."version" FROM "schema_migrations" ORDER BY "schema_migrations"."version" ASC[0m
Processing by TasksController#index as HTML
  [1m[36mTask Load (0.1ms)[0m  [1m[34mSELECT "tasks".* FROM "tasks"[0m
  â†³ app/controllers/tasks_controller.rb:4:in `index'
Completed 200 OK in 23ms (Views: 9.6ms | ActiveRecord: 1.0ms | Allocations: 18527)


Started GET "/tasks" for ::1 at 2024-07-19 22:46:13 +0900
Processing by TasksController#index as HTML
  [1m[36mTask Load (0.1ms)[0m  [1m[34mSELECT "tasks".* FROM "tasks"[0m
  â†³ app/controllers/tasks_controller.rb:4:in `index'
Completed 200 OK in 1ms (Views: 1.1ms | ActiveRecord: 0.1ms | Allocations: 858)


Started GET "/tasks" for ::1 at 2024-07-19 22:50:45 +0900
Processing by TasksController#index as HTML
  [1m[36mTask Load (5.3ms)[0m  [1m[34mSELECT "tasks".* FROM "tasks"[0m
  â†³ app/controllers/tasks_controller.rb:4:in `index'
Completed 200 OK in 9ms (Views: 3.7ms | ActiveRecord: 5.3ms | Allocations: 868)


Started GET "/tasks" for ::1 at 2024-07-19 22:51:29 +0900
Processing by TasksController#index as HTML
  [1m[36mTask Load (0.4ms)[0m  [1m[34mSELECT "tasks".* FROM "tasks"[0m
  â†³ app/controllers/tasks_controller.rb:4:in `index'
Completed 200 OK in 11ms (Views: 8.9ms | ActiveRecord: 0.4ms | Allocations: 868)


Started GET "/tasks" for ::1 at 2024-07-19 22:52:03 +0900
Processing by TasksController#index as HTML
  [1m[36mTask Load (0.5ms)[0m  [1m[34mSELECT "tasks".* FROM "tasks"[0m
  â†³ app/controllers/tasks_controller.rb:4:in `index'
Completed 200 OK in 13ms (Views: 9.6ms | ActiveRecord: 0.5ms | Allocations: 868)


Started GET "/tasks" for ::1 at 2024-07-19 22:52:03 +0900
Processing by TasksController#index as HTML
  [1m[36mTask Load (0.1ms)[0m  [1m[34mSELECT "tasks".* FROM "tasks"[0m
  â†³ app/controllers/tasks_controller.rb:4:in `index'
Completed 200 OK in 1ms (Views: 0.8ms | ActiveRecord: 0.1ms | Allocations: 855)


Started DELETE "/tasks/$%7Bid%7D" for ::1 at 2024-07-19 22:52:06 +0900
Processing by TasksController#destroy as HTML
  Parameters: {"id"=>"${id}"}
  [1m[36mTask Load (8.7ms)[0m  [1m[34mSELECT "tasks".* FROM "tasks" WHERE "tasks"."id" = ? LIMIT ?[0m  [["id", nil], ["LIMIT", 1]]
  â†³ app/controllers/tasks_controller.rb:13:in `destroy'
Completed 404 Not Found in 71ms (ActiveRecord: 8.7ms | Allocations: 3046)


  
ActiveRecord::RecordNotFound (Couldn't find Task with 'id'=${id}):
  
app/controllers/tasks_controller.rb:13:in `destroy'
Started GET "/tasks" for ::1 at 2024-07-19 22:53:01 +0900
Processing by TasksController#index as HTML
  [1m[36mTask Load (0.2ms)[0m  [1m[34mSELECT "tasks".* FROM "tasks"[0m
  â†³ app/controllers/tasks_controller.rb:4:in `index'
Completed 200 OK in 3ms (Views: 2.3ms | ActiveRecord: 0.2ms | Allocations: 856)


Started GET "/tasks" for ::1 at 2024-07-19 22:53:04 +0900
Processing by TasksController#index as HTML
  [1m[36mTask Load (0.4ms)[0m  [1m[34mSELECT "tasks".* FROM "tasks"[0m
  â†³ app/controllers/tasks_controller.rb:4:in `index'
Completed 200 OK in 16ms (Views: 13.5ms | ActiveRecord: 0.4ms | Allocations: 855)


Started GET "/tasks" for ::1 at 2024-07-19 22:53:04 +0900
Processing by TasksController#index as HTML
  [1m[36mTask Load (0.1ms)[0m  [1m[34mSELECT "tasks".* FROM "tasks"[0m
  â†³ app/controllers/tasks_controller.rb:4:in `index'
Completed 200 OK in 1ms (Views: 1.0ms | ActiveRecord: 0.1ms | Allocations: 855)


Started DELETE "/tasks/4" for ::1 at 2024-07-19 22:53:05 +0900
Processing by TasksController#destroy as HTML
  Parameters: {"id"=>"4"}
  [1m[36mTask Load (0.3ms)[0m  [1m[34mSELECT "tasks".* FROM "tasks" WHERE "tasks"."id" = ? LIMIT ?[0m  [["id", 4], ["LIMIT", 1]]
  â†³ app/controllers/tasks_controller.rb:13:in `destroy'
  [1m[36mTRANSACTION (1.3ms)[0m  [1m[36mbegin transaction[0m
  â†³ app/controllers/tasks_controller.rb:14:in `destroy'
  [1m[36mTask Destroy (3.7ms)[0m  [1m[31mDELETE FROM "tasks" WHERE "tasks"."id" = ?[0m  [["id", 4]]
  â†³ app/controllers/tasks_controller.rb:14:in `destroy'
  [1m[36mTRANSACTION (2.0ms)[0m  [1m[36mcommit transaction[0m
  â†³ app/controllers/tasks_controller.rb:14:in `destroy'
Completed 200 OK in 16ms (ActiveRecord: 7.2ms | Allocations: 1876)


Started GET "/tasks" for ::1 at 2024-07-19 22:53:05 +0900
Processing by TasksController#index as HTML
  [1m[36mTask Load (0.1ms)[0m  [1m[34mSELECT "tasks".* FROM "tasks"[0m
  â†³ app/controllers/tasks_controller.rb:4:in `index'
Completed 200 OK in 1ms (Views: 1.1ms | ActiveRecord: 0.1ms | Allocations: 799)


Started GET "/tasks" for ::1 at 2024-07-19 22:54:15 +0900
Processing by TasksController#index as HTML
  [1m[36mTask Load (0.2ms)[0m  [1m[34mSELECT "tasks".* FROM "tasks"[0m
  â†³ app/controllers/tasks_controller.rb:4:in `index'
Completed 200 OK in 4ms (Views: 3.3ms | ActiveRecord: 0.2ms | Allocations: 801)


Started GET "/tasks" for ::1 at 2024-07-19 22:54:15 +0900
Processing by TasksController#index as HTML
  [1m[36mTask Load (0.1ms)[0m  [1m[34mSELECT "tasks".* FROM "tasks"[0m
  â†³ app/controllers/tasks_controller.rb:4:in `index'
Completed 200 OK in 5ms (Views: 4.8ms | ActiveRecord: 0.1ms | Allocations: 800)


Started GET "/tasks" for ::1 at 2024-07-19 23:00:27 +0900
  [1m[36mActiveRecord::SchemaMigration Load (0.2ms)[0m  [1m[34mSELECT "schema_migrations"."version" FROM "schema_migrations" ORDER BY "schema_migrations"."version" ASC[0m
Processing by TasksController#index as HTML
  [1m[36mTask Load (0.2ms)[0m  [1m[34mSELECT "tasks".* FROM "tasks"[0m
  â†³ app/controllers/tasks_controller.rb:4:in `index'
Completed 200 OK in 17ms (Views: 5.3ms | ActiveRecord: 0.8ms | Allocations: 18469)


Started PUT "/tasks/1" for ::1 at 2024-07-19 23:00:30 +0900
Processing by TasksController#update as HTML
  Parameters: {"is_done"=>true, "id"=>"1", "task"=>{"is_done"=>true}}
  [1m[36mTask Load (0.1ms)[0m  [1m[34mSELECT "tasks".* FROM "tasks" WHERE "tasks"."id" = ? LIMIT ?[0m  [["id", 1], ["LIMIT", 1]]
  â†³ app/controllers/tasks_controller.rb:19:in `update'
[31mUnpermitted parameters: :id, :task. Context: { controller: TasksController, action: update, request: #<ActionDispatch::Request:0x000000011b271e08>, params: {"is_done"=>true, "controller"=>"tasks", "action"=>"update", "id"=>"1", "task"=>{"is_done"=>true}} }[0m
  [1m[36mTRANSACTION (0.0ms)[0m  [1m[36mbegin transaction[0m
  â†³ app/controllers/tasks_controller.rb:20:in `update'
  [1m[36mTask Update (1.1ms)[0m  [1m[33mUPDATE "tasks" SET "is_done" = ?, "updated_at" = ? WHERE "tasks"."id" = ?[0m  [["is_done", 1], ["updated_at", "2024-07-19 14:00:30.659278"], ["id", 1]]
  â†³ app/controllers/tasks_controller.rb:20:in `update'
  [1m[36mTRANSACTION (2.8ms)[0m  [1m[36mcommit transaction[0m
  â†³ app/controllers/tasks_controller.rb:20:in `update'
Completed 200 OK in 10ms (ActiveRecord: 4.1ms | Allocations: 3505)


Started GET "/tasks" for ::1 at 2024-07-19 23:00:30 +0900
Processing by TasksController#index as HTML
  [1m[36mTask Load (0.1ms)[0m  [1m[34mSELECT "tasks".* FROM "tasks"[0m
  â†³ app/controllers/tasks_controller.rb:4:in `index'
Completed 200 OK in 1ms (Views: 1.3ms | ActiveRecord: 0.1ms | Allocations: 800)


Started PUT "/tasks/3" for ::1 at 2024-07-19 23:00:31 +0900
Processing by TasksController#update as HTML
  Parameters: {"is_done"=>true, "id"=>"3", "task"=>{"is_done"=>true}}
  [1m[36mTask Load (0.3ms)[0m  [1m[34mSELECT "tasks".* FROM "tasks" WHERE "tasks"."id" = ? LIMIT ?[0m  [["id", 3], ["LIMIT", 1]]
  â†³ app/controllers/tasks_controller.rb:19:in `update'
[31mUnpermitted parameters: :id, :task. Context: { controller: TasksController, action: update, request: #<ActionDispatch::Request:0x000000011b395aa0>, params: {"is_done"=>true, "controller"=>"tasks", "action"=>"update", "id"=>"3", "task"=>{"is_done"=>true}} }[0m
  [1m[36mTRANSACTION (0.1ms)[0m  [1m[36mbegin transaction[0m
  â†³ app/controllers/tasks_controller.rb:20:in `update'
  [1m[36mTask Update (0.6ms)[0m  [1m[33mUPDATE "tasks" SET "is_done" = ?, "updated_at" = ? WHERE "tasks"."id" = ?[0m  [["is_done", 1], ["updated_at", "2024-07-19 14:00:32.011029"], ["id", 3]]
  â†³ app/controllers/tasks_controller.rb:20:in `update'
  [1m[36mTRANSACTION (0.1ms)[0m  [1m[36mcommit transaction[0m
  â†³ app/controllers/tasks_controller.rb:20:in `update'
Completed 200 OK in 28ms (ActiveRecord: 1.1ms | Allocations: 2077)


Started GET "/tasks" for ::1 at 2024-07-19 23:00:32 +0900
Processing by TasksController#index as HTML
  [1m[36mTask Load (0.0ms)[0m  [1m[34mSELECT "tasks".* FROM "tasks"[0m
  â†³ app/controllers/tasks_controller.rb:4:in `index'
Completed 200 OK in 2ms (Views: 1.5ms | ActiveRecord: 0.0ms | Allocations: 800)


Started GET "/tasks" for ::1 at 2024-07-19 23:00:34 +0900
Processing by TasksController#index as HTML
  [1m[36mTask Load (0.1ms)[0m  [1m[34mSELECT "tasks".* FROM "tasks"[0m
  â†³ app/controllers/tasks_controller.rb:4:in `index'
Completed 200 OK in 2ms (Views: 1.3ms | ActiveRecord: 0.1ms | Allocations: 813)


Started GET "/tasks" for ::1 at 2024-07-19 23:00:34 +0900
Processing by TasksController#index as HTML
  [1m[36mTask Load (0.0ms)[0m  [1m[34mSELECT "tasks".* FROM "tasks"[0m
  â†³ app/controllers/tasks_controller.rb:4:in `index'
Completed 200 OK in 1ms (Views: 0.8ms | ActiveRecord: 0.0ms | Allocations: 800)


Started PUT "/tasks/1" for ::1 at 2024-07-19 23:00:49 +0900
Processing by TasksController#update as HTML
  Parameters: {"is_done"=>false, "id"=>"1", "task"=>{"is_done"=>false}}
  [1m[36mTask Load (0.2ms)[0m  [1m[34mSELECT "tasks".* FROM "tasks" WHERE "tasks"."id" = ? LIMIT ?[0m  [["id", 1], ["LIMIT", 1]]
  â†³ app/controllers/tasks_controller.rb:19:in `update'
[31mUnpermitted parameters: :id, :task. Context: { controller: TasksController, action: update, request: #<ActionDispatch::Request:0x000000011b314ec8>, params: {"is_done"=>false, "controller"=>"tasks", "action"=>"update", "id"=>"1", "task"=>{"is_done"=>false}} }[0m
  [1m[36mTRANSACTION (0.1ms)[0m  [1m[36mbegin transaction[0m
  â†³ app/controllers/tasks_controller.rb:20:in `update'
  [1m[36mTask Update (2.3ms)[0m  [1m[33mUPDATE "tasks" SET "is_done" = ?, "updated_at" = ? WHERE "tasks"."id" = ?[0m  [["is_done", 0], ["updated_at", "2024-07-19 14:00:49.939387"], ["id", 1]]
  â†³ app/controllers/tasks_controller.rb:20:in `update'
  [1m[36mTRANSACTION (0.2ms)[0m  [1m[36mcommit transaction[0m
  â†³ app/controllers/tasks_controller.rb:20:in `update'
Completed 200 OK in 8ms (ActiveRecord: 2.8ms | Allocations: 2080)


Started GET "/tasks" for ::1 at 2024-07-19 23:00:49 +0900
Processing by TasksController#index as HTML
  [1m[36mTask Load (0.1ms)[0m  [1m[34mSELECT "tasks".* FROM "tasks"[0m
  â†³ app/controllers/tasks_controller.rb:4:in `index'
Completed 200 OK in 2ms (Views: 2.3ms | ActiveRecord: 0.1ms | Allocations: 800)


Started PUT "/tasks/2" for ::1 at 2024-07-19 23:01:46 +0900
Processing by TasksController#update as HTML
  Parameters: {"is_done"=>true, "id"=>"2", "task"=>{"is_done"=>true}}
  [1m[36mTask Load (0.3ms)[0m  [1m[34mSELECT "tasks".* FROM "tasks" WHERE "tasks"."id" = ? LIMIT ?[0m  [["id", 2], ["LIMIT", 1]]
  â†³ app/controllers/tasks_controller.rb:19:in `update'
[31mUnpermitted parameters: :id, :task. Context: { controller: TasksController, action: update, request: #<ActionDispatch::Request:0x000000011b233720>, params: {"is_done"=>true, "controller"=>"tasks", "action"=>"update", "id"=>"2", "task"=>{"is_done"=>true}} }[0m
  [1m[36mTRANSACTION (0.4ms)[0m  [1m[36mbegin transaction[0m
  â†³ app/controllers/tasks_controller.rb:20:in `update'
  [1m[36mTask Update (2.2ms)[0m  [1m[33mUPDATE "tasks" SET "is_done" = ?, "updated_at" = ? WHERE "tasks"."id" = ?[0m  [["is_done", 1], ["updated_at", "2024-07-19 14:01:46.882150"], ["id", 2]]
  â†³ app/controllers/tasks_controller.rb:20:in `update'
  [1m[36mTRANSACTION (0.5ms)[0m  [1m[36mcommit transaction[0m
  â†³ app/controllers/tasks_controller.rb:20:in `update'
Completed 200 OK in 19ms (ActiveRecord: 3.4ms | Allocations: 2060)


Started GET "/tasks" for ::1 at 2024-07-19 23:01:46 +0900
Processing by TasksController#index as HTML
  [1m[36mTask Load (0.1ms)[0m  [1m[34mSELECT "tasks".* FROM "tasks"[0m
  â†³ app/controllers/tasks_controller.rb:4:in `index'
Completed 200 OK in 5ms (Views: 4.3ms | ActiveRecord: 0.1ms | Allocations: 800)


Started PUT "/tasks/3" for ::1 at 2024-07-19 23:03:05 +0900
Processing by TasksController#update as HTML
  Parameters: {"is_done"=>false, "id"=>"3", "task"=>{"is_done"=>false}}
  [1m[36mTask Load (0.3ms)[0m  [1m[34mSELECT "tasks".* FROM "tasks" WHERE "tasks"."id" = ? LIMIT ?[0m  [["id", 3], ["LIMIT", 1]]
  â†³ app/controllers/tasks_controller.rb:19:in `update'
[31mUnpermitted parameters: :id, :task. Context: { controller: TasksController, action: update, request: #<ActionDispatch::Request:0x000000011af135e0>, params: {"is_done"=>false, "controller"=>"tasks", "action"=>"update", "id"=>"3", "task"=>{"is_done"=>false}} }[0m
  [1m[36mTRANSACTION (0.1ms)[0m  [1m[36mbegin transaction[0m
  â†³ app/controllers/tasks_controller.rb:20:in `update'
  [1m[36mTask Update (0.9ms)[0m  [1m[33mUPDATE "tasks" SET "is_done" = ?, "updated_at" = ? WHERE "tasks"."id" = ?[0m  [["is_done", 0], ["updated_at", "2024-07-19 14:03:05.789409"], ["id", 3]]
  â†³ app/controllers/tasks_controller.rb:20:in `update'
  [1m[36mTRANSACTION (0.3ms)[0m  [1m[36mcommit transaction[0m
  â†³ app/controllers/tasks_controller.rb:20:in `update'
Completed 200 OK in 11ms (ActiveRecord: 1.7ms | Allocations: 2061)


Started GET "/tasks" for ::1 at 2024-07-19 23:03:05 +0900
Processing by TasksController#index as HTML
  [1m[36mTask Load (0.1ms)[0m  [1m[34mSELECT "tasks".* FROM "tasks"[0m
  â†³ app/controllers/tasks_controller.rb:4:in `index'
Completed 200 OK in 6ms (Views: 4.4ms | ActiveRecord: 0.1ms | Allocations: 800)


Started GET "/tasks" for ::1 at 2024-07-19 23:03:23 +0900
Processing by TasksController#index as HTML
  [1m[36mTask Load (0.2ms)[0m  [1m[34mSELECT "tasks".* FROM "tasks"[0m
  â†³ app/controllers/tasks_controller.rb:4:in `index'
Completed 200 OK in 4ms (Views: 3.4ms | ActiveRecord: 0.2ms | Allocations: 800)


Started GET "/tasks" for ::1 at 2024-07-19 23:03:23 +0900
Processing by TasksController#index as HTML
  [1m[36mTask Load (0.1ms)[0m  [1m[34mSELECT "tasks".* FROM "tasks"[0m
  â†³ app/controllers/tasks_controller.rb:4:in `index'
Completed 200 OK in 1ms (Views: 0.9ms | ActiveRecord: 0.1ms | Allocations: 800)


Started PUT "/tasks/1" for ::1 at 2024-07-19 23:03:28 +0900
Processing by TasksController#update as HTML
  Parameters: {"is_done"=>true, "id"=>"1", "task"=>{"is_done"=>true}}
  [1m[36mTask Load (0.1ms)[0m  [1m[34mSELECT "tasks".* FROM "tasks" WHERE "tasks"."id" = ? LIMIT ?[0m  [["id", 1], ["LIMIT", 1]]
  â†³ app/controllers/tasks_controller.rb:19:in `update'
[31mUnpermitted parameters: :id, :task. Context: { controller: TasksController, action: update, request: #<ActionDispatch::Request:0x00000001182c0e70>, params: {"is_done"=>true, "controller"=>"tasks", "action"=>"update", "id"=>"1", "task"=>{"is_done"=>true}} }[0m
  [1m[36mTRANSACTION (0.2ms)[0m  [1m[36mbegin transaction[0m
  â†³ app/controllers/tasks_controller.rb:20:in `update'
  [1m[36mTask Update (2.3ms)[0m  [1m[33mUPDATE "tasks" SET "is_done" = ?, "updated_at" = ? WHERE "tasks"."id" = ?[0m  [["is_done", 1], ["updated_at", "2024-07-19 14:03:28.926898"], ["id", 1]]
  â†³ app/controllers/tasks_controller.rb:20:in `update'
  [1m[36mTRANSACTION (0.3ms)[0m  [1m[36mcommit transaction[0m
  â†³ app/controllers/tasks_controller.rb:20:in `update'
Completed 200 OK in 8ms (ActiveRecord: 2.8ms | Allocations: 2059)


Started GET "/tasks" for ::1 at 2024-07-19 23:03:28 +0900
Processing by TasksController#index as HTML
  [1m[36mTask Load (0.1ms)[0m  [1m[34mSELECT "tasks".* FROM "tasks"[0m
  â†³ app/controllers/tasks_controller.rb:4:in `index'
Completed 200 OK in 2ms (Views: 1.8ms | ActiveRecord: 0.1ms | Allocations: 800)


Started GET "/tasks" for ::1 at 2024-07-19 23:03:59 +0900
Processing by TasksController#index as HTML
  [1m[36mTask Load (0.2ms)[0m  [1m[34mSELECT "tasks".* FROM "tasks"[0m
  â†³ app/controllers/tasks_controller.rb:4:in `index'
Completed 200 OK in 8ms (Views: 6.6ms | ActiveRecord: 0.2ms | Allocations: 800)


Started GET "/tasks" for ::1 at 2024-07-19 23:03:59 +0900
Processing by TasksController#index as HTML
  [1m[36mTask Load (0.0ms)[0m  [1m[34mSELECT "tasks".* FROM "tasks"[0m
  â†³ app/controllers/tasks_controller.rb:4:in `index'
Completed 200 OK in 5ms (Views: 4.9ms | ActiveRecord: 0.0ms | Allocations: 800)


Started GET "/tasks" for ::1 at 2024-07-19 23:04:00 +0900
Processing by TasksController#index as HTML
  [1m[36mTask Load (0.0ms)[0m  [1m[34mSELECT "tasks".* FROM "tasks"[0m
  â†³ app/controllers/tasks_controller.rb:4:in `index'
Completed 200 OK in 5ms (Views: 5.1ms | ActiveRecord: 0.0ms | Allocations: 800)


Started GET "/tasks" for ::1 at 2024-07-19 23:04:00 +0900
Processing by TasksController#index as HTML
  [1m[36mTask Load (0.0ms)[0m  [1m[34mSELECT "tasks".* FROM "tasks"[0m
  â†³ app/controllers/tasks_controller.rb:4:in `index'
Completed 200 OK in 28ms (Views: 28.0ms | ActiveRecord: 0.0ms | Allocations: 801)


Started GET "/tasks" for ::1 at 2024-07-19 23:04:04 +0900
Processing by TasksController#index as HTML
  [1m[36mTask Load (0.1ms)[0m  [1m[34mSELECT "tasks".* FROM "tasks"[0m
  â†³ app/controllers/tasks_controller.rb:4:in `index'
Completed 200 OK in 4ms (Views: 3.0ms | ActiveRecord: 0.1ms | Allocations: 800)


Started GET "/tasks" for ::1 at 2024-07-19 23:04:04 +0900
Processing by TasksController#index as HTML
  [1m[36mTask Load (0.1ms)[0m  [1m[34mSELECT "tasks".* FROM "tasks"[0m
  â†³ app/controllers/tasks_controller.rb:4:in `index'
Completed 200 OK in 1ms (Views: 0.8ms | ActiveRecord: 0.0ms | Allocations: 801)


Started PUT "/tasks/1" for ::1 at 2024-07-19 23:04:19 +0900
Processing by TasksController#update as HTML
  Parameters: {"is_done"=>false, "id"=>"1", "task"=>{"is_done"=>false}}
  [1m[36mTask Load (0.2ms)[0m  [1m[34mSELECT "tasks".* FROM "tasks" WHERE "tasks"."id" = ? LIMIT ?[0m  [["id", 1], ["LIMIT", 1]]
  â†³ app/controllers/tasks_controller.rb:19:in `update'
[31mUnpermitted parameters: :id, :task. Context: { controller: TasksController, action: update, request: #<ActionDispatch::Request:0x000000011b315c88>, params: {"is_done"=>false, "controller"=>"tasks", "action"=>"update", "id"=>"1", "task"=>{"is_done"=>false}} }[0m
  [1m[36mTRANSACTION (0.3ms)[0m  [1m[36mbegin transaction[0m
  â†³ app/controllers/tasks_controller.rb:20:in `update'
  [1m[36mTask Update (5.2ms)[0m  [1m[33mUPDATE "tasks" SET "is_done" = ?, "updated_at" = ? WHERE "tasks"."id" = ?[0m  [["is_done", 0], ["updated_at", "2024-07-19 14:04:19.333262"], ["id", 1]]
  â†³ app/controllers/tasks_controller.rb:20:in `update'
  [1m[36mTRANSACTION (0.7ms)[0m  [1m[36mcommit transaction[0m
  â†³ app/controllers/tasks_controller.rb:20:in `update'
Completed 200 OK in 12ms (ActiveRecord: 6.3ms | Allocations: 2059)


Started GET "/tasks" for ::1 at 2024-07-19 23:04:19 +0900
Processing by TasksController#index as HTML
  [1m[36mTask Load (0.1ms)[0m  [1m[34mSELECT "tasks".* FROM "tasks"[0m
  â†³ app/controllers/tasks_controller.rb:4:in `index'
Completed 200 OK in 2ms (Views: 1.6ms | ActiveRecord: 0.1ms | Allocations: 800)


Started GET "/tasks" for ::1 at 2024-07-19 23:04:21 +0900
Processing by TasksController#index as HTML
  [1m[36mTask Load (0.3ms)[0m  [1m[34mSELECT "tasks".* FROM "tasks"[0m
  â†³ app/controllers/tasks_controller.rb:4:in `index'
Completed 200 OK in 10ms (Views: 8.8ms | ActiveRecord: 0.3ms | Allocations: 800)


Started GET "/tasks" for ::1 at 2024-07-19 23:04:21 +0900
Processing by TasksController#index as HTML
  [1m[36mTask Load (0.1ms)[0m  [1m[34mSELECT "tasks".* FROM "tasks"[0m
  â†³ app/controllers/tasks_controller.rb:4:in `index'
Completed 200 OK in 2ms (Views: 1.5ms | ActiveRecord: 0.1ms | Allocations: 800)


Started GET "/tasks" for ::1 at 2024-07-19 23:06:29 +0900
Processing by TasksController#index as HTML
  [1m[36mTask Load (2.0ms)[0m  [1m[34mSELECT "tasks".* FROM "tasks"[0m
  â†³ app/controllers/tasks_controller.rb:4:in `index'
Completed 200 OK in 20ms (Views: 15.4ms | ActiveRecord: 1.5ms | Allocations: 800)


Started GET "/tasks" for ::1 at 2024-07-19 23:06:31 +0900
Processing by TasksController#index as HTML
  [1m[36mTask Load (0.3ms)[0m  [1m[34mSELECT "tasks".* FROM "tasks"[0m
  â†³ app/controllers/tasks_controller.rb:4:in `index'
Completed 200 OK in 16ms (Views: 13.6ms | ActiveRecord: 0.3ms | Allocations: 800)


Started GET "/tasks" for ::1 at 2024-07-19 23:06:31 +0900
Processing by TasksController#index as HTML
  [1m[36mTask Load (0.1ms)[0m  [1m[34mSELECT "tasks".* FROM "tasks"[0m
  â†³ app/controllers/tasks_controller.rb:4:in `index'
Completed 200 OK in 1ms (Views: 0.6ms | ActiveRecord: 0.1ms | Allocations: 800)


Started PUT "/tasks/1" for ::1 at 2024-07-19 23:06:32 +0900
Processing by TasksController#update as HTML
  Parameters: {"is_done"=>true, "id"=>"1", "task"=>{"is_done"=>true}}
  [1m[36mTask Load (0.3ms)[0m  [1m[34mSELECT "tasks".* FROM "tasks" WHERE "tasks"."id" = ? LIMIT ?[0m  [["id", 1], ["LIMIT", 1]]
  â†³ app/controllers/tasks_controller.rb:19:in `update'
[31mUnpermitted parameters: :id, :task. Context: { controller: TasksController, action: update, request: #<ActionDispatch::Request:0x000000011ad32820>, params: {"is_done"=>true, "controller"=>"tasks", "action"=>"update", "id"=>"1", "task"=>{"is_done"=>true}} }[0m
  [1m[36mTRANSACTION (0.2ms)[0m  [1m[36mbegin transaction[0m
  â†³ app/controllers/tasks_controller.rb:20:in `update'
  [1m[36mTask Update (1.6ms)[0m  [1m[33mUPDATE "tasks" SET "is_done" = ?, "updated_at" = ? WHERE "tasks"."id" = ?[0m  [["is_done", 1], ["updated_at", "2024-07-19 14:06:32.696164"], ["id", 1]]
  â†³ app/controllers/tasks_controller.rb:20:in `update'
  [1m[36mTRANSACTION (1.2ms)[0m  [1m[36mcommit transaction[0m
  â†³ app/controllers/tasks_controller.rb:20:in `update'
Completed 200 OK in 11ms (ActiveRecord: 3.2ms | Allocations: 2063)


Started GET "/tasks" for ::1 at 2024-07-19 23:06:32 +0900
Processing by TasksController#index as HTML
  [1m[36mTask Load (0.1ms)[0m  [1m[34mSELECT "tasks".* FROM "tasks"[0m
  â†³ app/controllers/tasks_controller.rb:4:in `index'
Completed 200 OK in 2ms (Views: 2.2ms | ActiveRecord: 0.1ms | Allocations: 800)


Started GET "/tasks" for ::1 at 2024-07-19 23:06:33 +0900
Processing by TasksController#index as HTML
  [1m[36mTask Load (0.1ms)[0m  [1m[34mSELECT "tasks".* FROM "tasks"[0m
  â†³ app/controllers/tasks_controller.rb:4:in `index'
Completed 200 OK in 2ms (Views: 1.9ms | ActiveRecord: 0.1ms | Allocations: 800)


Started GET "/tasks" for ::1 at 2024-07-19 23:06:33 +0900
Processing by TasksController#index as HTML
  [1m[36mTask Load (0.0ms)[0m  [1m[34mSELECT "tasks".* FROM "tasks"[0m
  â†³ app/controllers/tasks_controller.rb:4:in `index'
Completed 200 OK in 1ms (Views: 1.2ms | ActiveRecord: 0.0ms | Allocations: 800)


